{"timestamp": "2025-08-03T03:12:14.807386", "case_id": "CASE_001", "operation_type": "device_detection", "hash_value": "e3edc4e63942a03e853bc714c661b471e2e57c7b7b5ab933540f51b4c41ea2fe", "verification_timestamp": "2025-08-03T03:12:14.807386"}
{"timestamp": "2025-08-03T03:12:14.808410", "case_id": "CASE_001", "operation_type": "device_analysis", "hash_value": "361d6c906b90d94d8f6a575f2db2c5f07ed5db3bff7fa5135e565a4f149067ed", "verification_timestamp": "2025-08-03T03:12:14.808410"}
{"timestamp": "2025-08-03T03:12:14.810473", "case_id": "CASE_001", "operation_type": "attack_execution", "hash_value": "6610585b3cd988833f8bcc9a513999b5612d1503c5cf5dfd8e9e7c02f94e4ab9", "verification_timestamp": "2025-08-03T03:12:14.810473"}
{"timestamp": "2025-08-03T03:12:14.810473", "case_id": "CASE_001", "operation_type": "evidence_collection", "hash_value": "42a7e4d2aafadb048e623ce480a0c82a7ac9cb060a4c741aac5ae2cfd7a702f4", "verification_timestamp": "2025-08-03T03:12:14.810473"}
{"timestamp": "2025-08-03T03:12:14.825648", "case_id": "CASE_001", "operation_type": "INTEGRITY_VERIFICATION", "hash_value": "29cdda323fc498441c5f8807d6b523a9373a2f7e1c02729f3d94bccc4d47b60a", "verification_timestamp": "2025-08-03T03:12:14.825648"}
{"timestamp": "2025-08-03T03:12:14.838391", "case_id": "CASE_001", "operation_type": "INTEGRITY_VERIFICATION", "hash_value": "5f57ec37c16b4f940053085e94e10c970c74adcbf72b1da927c6609ea6429923", "verification_timestamp": "2025-08-03T03:12:14.838798"}
{"timestamp": "2025-08-03T03:12:14.838798", "case_id": "CASE_001", "operation_type": "AUDIT_TRAIL_GENERATION", "hash_value": "6b38f2b172015edd9839fd76b48ef8638f0eb637e776f72d1cddc7d707561b52", "verification_timestamp": "2025-08-03T03:12:14.839635"}
{"timestamp": "2025-08-03T03:12:14.852605", "case_id": "CASE_001", "operation_type": "INTEGRITY_VERIFICATION", "hash_value": "39bef2f6e945cf1728ad7e3181e2aa825e143973925ea7c22bb665dceae26a51", "verification_timestamp": "2025-08-03T03:12:14.852605"}
{"timestamp": "2025-08-03T03:12:14.853085", "case_id": "CASE_001", "operation_type": "AUDIT_TRAIL_GENERATION", "hash_value": "e5690b6952620332c9ea36d656ceb8057d8df37a1648b78e3d76ab70f9f5010d", "verification_timestamp": "2025-08-03T03:12:14.853085"}
{"timestamp": "2025-08-03T03:12:14.865147", "case_id": "CASE_001", "operation_type": "CASE_EXPORT", "hash_value": "1d1fe825f9eb5fe94f9e186f8844a0af9e566ba6c2f0222b0c845e4da8925e78", "verification_timestamp": "2025-08-03T03:12:14.865588"}
{"timestamp": "2025-08-03T03:12:49.482223", "case_id": "CASE_001", "operation_type": "device_detection", "hash_value": "c0f990dea16f61a0bca3b7ac7d87a7bdf8d78987f112020a2c355aca886e11c5", "verification_timestamp": "2025-08-03T03:12:49.483148"}
{"timestamp": "2025-08-03T03:12:49.483148", "case_id": "CASE_001", "operation_type": "device_analysis", "hash_value": "890a437118041fa4115d19500d2b1c3faacd2df999f07a2f5b0c109f78685d5d", "verification_timestamp": "2025-08-03T03:12:49.484169"}
{"timestamp": "2025-08-03T03:12:49.484169", "case_id": "CASE_001", "operation_type": "attack_execution", "hash_value": "4a0d572e00680edc5b20238ad2717f272e54dc2758b94f78afa78c9976262800", "verification_timestamp": "2025-08-03T03:12:49.485170"}
{"timestamp": "2025-08-03T03:12:49.485170", "case_id": "CASE_001", "operation_type": "evidence_collection", "hash_value": "afe0a25f7418cfcaf55fea53e348887e090776123ca86a3f4c2908b9ee30f058", "verification_timestamp": "2025-08-03T03:12:49.485170"}
{"timestamp": "2025-08-03T03:12:49.487170", "case_id": "CASE_001", "operation_type": "evidence_collection", "hash_value": "6af3a272fa179936633d5ff51f6e95611c255969eb2902684cf031b8c7673b28", "verification_timestamp": "2025-08-03T03:12:49.487170"}
{"timestamp": "2025-08-03T03:12:49.501154", "case_id": "CASE_001", "operation_type": "INTEGRITY_VERIFICATION", "hash_value": "b2be946bce50de4fddcc9a4fac89b3cef9755a1f52fc4b74e865cfdeef8d233a", "verification_timestamp": "2025-08-03T03:12:49.502154"}
{"timestamp": "2025-08-03T03:12:49.513975", "case_id": "CASE_001", "operation_type": "INTEGRITY_VERIFICATION", "hash_value": "332c874a7915f4f4340e16add3b3bfbee0c30e11e34312b9225729d8b81dcae2", "verification_timestamp": "2025-08-03T03:12:49.513975"}
{"timestamp": "2025-08-03T03:12:49.513975", "case_id": "CASE_001", "operation_type": "AUDIT_TRAIL_GENERATION", "hash_value": "04138fee1fab2382b29fa5b718feb976db4452e915d3fd784f4c7e940618cc0c", "verification_timestamp": "2025-08-03T03:12:49.513975"}
{"timestamp": "2025-08-03T03:12:49.530237", "case_id": "CASE_001", "operation_type": "INTEGRITY_VERIFICATION", "hash_value": "a1d8b3ae8052dfb49dc270da769a311d19180ffd9205413aacfda3fd20efe384", "verification_timestamp": "2025-08-03T03:12:49.530237"}
{"timestamp": "2025-08-03T03:12:49.531245", "case_id": "CASE_001", "operation_type": "AUDIT_TRAIL_GENERATION", "hash_value": "651549a9af9eb8fbba3962e8612811c1b05369b0252e22aa589fc48055cd1008", "verification_timestamp": "2025-08-03T03:12:49.531245"}
{"timestamp": "2025-08-03T03:12:49.546664", "case_id": "CASE_001", "operation_type": "CASE_EXPORT", "hash_value": "ae4be620560f7bdd80daaab3e54270ff7d63eda2dd50819c29240270172f13b0", "verification_timestamp": "2025-08-03T03:12:49.546664"}
{"timestamp": "2025-08-03T13:40:26.302779", "case_id": "DEMO_CASE_001", "operation_type": "DEVICE_DETECTION", "hash_value": "f2216cd18324a397a3ae0efd8de438bbcc19194d0b2ac814b8ceafc98588e8cf", "verification_timestamp": "2025-08-03T13:40:26.310263"}
{"timestamp": "2025-08-03T13:40:26.310263", "case_id": "DEMO_CASE_001", "operation_type": "ATTACK_EXECUTION", "hash_value": "32876b44114cd92908bd06c9775084189574ff8938a78135dca8704edbbc05bc", "verification_timestamp": "2025-08-03T13:40:26.317158"}
{"timestamp": "2025-08-03T13:40:26.317158", "case_id": "DEMO_CASE_001", "operation_type": "DATA_EXTRACTION", "hash_value": "16e2ba4770927fd51a90591fd712b855964e341045d71bb3b8117ace49c86d3e", "verification_timestamp": "2025-08-03T13:40:26.317158"}
{"timestamp": "2025-08-03T13:40:26.349928", "case_id": "DEMO_CASE_001", "operation_type": "INTEGRITY_VERIFICATION", "hash_value": "81135bd21b03d4ec093ff7398a1052f7fd30d02511c121eed5e68d1efb688bb3", "verification_timestamp": "2025-08-03T13:40:26.349928"}
{"timestamp": "2025-08-03T13:40:26.361069", "case_id": "DEMO_CASE_001", "operation_type": "REPORT_GENERATION", "hash_value": "2a2bb9fcdad3273d30d9c3a1e4b29a9adb7a997b51344896df8e1cb99a2ae8da", "verification_timestamp": "2025-08-03T13:40:26.361069"}
{"timestamp": "2025-08-03T13:40:26.385589", "case_id": "DEMO_CASE_001", "operation_type": "INTEGRITY_VERIFICATION", "hash_value": "843f6b46b819cb72ea6d047a90bb9463eb12e52981afd0349d7ca482c453990d", "verification_timestamp": "2025-08-03T13:40:26.385589"}
{"timestamp": "2025-08-03T13:40:26.422665", "case_id": "DEMO_CASE_001", "operation_type": "INTEGRITY_VERIFICATION", "hash_value": "c3c4ad2950fab3925ee75cb5d158cb60fedc4a312e60ff5dae74622587a56925", "verification_timestamp": "2025-08-03T13:40:26.424102"}
